                                 Started job on |	Aug 15 13:27:50
                             Started mapping on |	Aug 15 13:27:50
                                    Finished on |	Aug 15 13:29:05
       Mapping speed, Million of reads per hour |	6.25

                          Number of input reads |	130150
                      Average input read length |	299
                                    UNIQUE READS:
                   Uniquely mapped reads number |	122345
                        Uniquely mapped reads % |	94.00%
                          Average mapped length |	278.72
                       Number of splices: Total |	74607
            Number of splices: Annotated (sjdb) |	0
                       Number of splices: GT/AG |	21
                       Number of splices: GC/AG |	0
                       Number of splices: AT/AC |	0
               Number of splices: Non-canonical |	74586
                      Mismatch rate per base, % |	1.63%
                         Deletion rate per base |	0.04%
                        Deletion average length |	1.34
                        Insertion rate per base |	0.02%
                       Insertion average length |	1.16
                             MULTI-MAPPING READS:
        Number of reads mapped to multiple loci |	1568
             % of reads mapped to multiple loci |	1.20%
        Number of reads mapped to too many loci |	0
             % of reads mapped to too many loci |	0.00%
                                  UNMAPPED READS:
  Number of reads unmapped: too many mismatches |	0
       % of reads unmapped: too many mismatches |	0.00%
            Number of reads unmapped: too short |	381
                 % of reads unmapped: too short |	0.29%
                Number of reads unmapped: other |	5856
                     % of reads unmapped: other |	4.50%
                                  CHIMERIC READS:
                       Number of chimeric reads |	0
                            % of chimeric reads |	0.00%
